<?xml version="1.0" encoding="UTF-8"?>
<!-- Generated by org.testng.reporters.JUnitReportReporter -->
<testsuite hostname="KSB-439" failures="0" tests="1" name="com.crm.qa.testcases.LoginPageTest" time="22.704" errors="0" timestamp="2019-11-01T01:17:10 EDT" skipped="0">
  <testcase classname="com.crm.qa.testcases.LoginPageTest" name="logintest" time="22.704"/>
</testsuite> <!-- com.crm.qa.testcases.LoginPageTest -->
